<?xml version="1.0" encoding="UTF-8"?>
<!-- Generated by org.testng.reporters.JUnitXMLReporter -->
<testsuite hostname="Dors-MBP" ignored="0" name="APItest" tests="1" failures="0" timestamp="09 Oct 2019 13:30:01 GMT" time="0.005" errors="0">
  <testcase name="@BeforeTest startSession" time="0.004" classname="utilies.commonOps">
    <failure type="java.lang.NoClassDefFoundError" message="io/restassured/RestAssured">
      <![CDATA[java.lang.NoClassDefFoundError: io/restassured/RestAssured
	at utilies.commonOps.initAPI(commonOps.java:119)
	at utilies.commonOps.startSession(commonOps.java:195)
Caused by: java.lang.ClassNotFoundException: io.restassured.RestAssured
	at java.net.URLClassLoader.findClass(URLClassLoader.java:382)
	at java.lang.ClassLoader.loadClass(ClassLoader.java:424)
	at sun.misc.Launcher$AppClassLoader.loadClass(Launcher.java:349)
	at java.lang.ClassLoader.loadClass(ClassLoader.java:357)
	... 24 more
... Removed 22 stack frames]]>
    </failure>
  </testcase> <!-- @BeforeTest startSession -->
  <testcase name="@BeforeMethod doBeforeTest" time="0.0" classname="utilies.commonOps">
    <skipped/>
  </testcase> <!-- @BeforeMethod doBeforeTest -->
  <testcase name="@AfterMethod doAfterTest" time="0.0" classname="utilies.commonOps">
    <skipped/>
  </testcase> <!-- @AfterMethod doAfterTest -->
  <testcase name="@AfterTest closeSession" time="0.0" classname="utilies.commonOps">
    <skipped/>
  </testcase> <!-- @AfterTest closeSession -->
  <testcase name="test03_VerifyStudentCreated" time="0.0" classname="tests.studens">
    <skipped/>
  </testcase> <!-- test03_VerifyStudentCreated -->
</testsuite> <!-- APItest -->
