<?xml version="1.0" encoding="UTF-8"?>
<!-- Generated by org.testng.reporters.JUnitXMLReporter -->
<testsuite hostname="Dors-MBP" ignored="0" name="Test" tests="3" failures="0" timestamp="09 Oct 2019 13:29:39 GMT" time="0.018" errors="0">
  <testcase name="@BeforeTest startSession" time="0.0" classname="utilies.commonOps">
    <failure type="org.testng.TestNGException" message="
Parameter &amp;apos;platform&amp;apos; is required by BeforeTest on method startSession but has not been marked @Optional or defined
in /Users/doringber/githubProjects/stuff/AutomationProject/updatePro/run.xml">
      <![CDATA[org.testng.TestNGException: 
Parameter 'platform' is required by BeforeTest on method startSession but has not been marked @Optional or defined
in /Users/doringber/githubProjects/stuff/AutomationProject/updatePro/run.xml
... Removed 20 stack frames]]>
    </failure>
  </testcase> <!-- @BeforeTest startSession -->
  <testcase name="@BeforeMethod doBeforeTest" time="0.0" classname="utilies.commonOps">
    <skipped/>
  </testcase> <!-- @BeforeMethod doBeforeTest -->
  <testcase name="@AfterMethod doAfterTest" time="0.0" classname="utilies.commonOps">
    <skipped/>
  </testcase> <!-- @AfterMethod doAfterTest -->
  <testcase name="@BeforeMethod doBeforeTest" time="0.0" classname="utilies.commonOps">
    <skipped/>
  </testcase> <!-- @BeforeMethod doBeforeTest -->
  <testcase name="@AfterMethod doAfterTest" time="0.0" classname="utilies.commonOps">
    <skipped/>
  </testcase> <!-- @AfterMethod doAfterTest -->
  <testcase name="@BeforeMethod doBeforeTest" time="0.0" classname="utilies.commonOps">
    <skipped/>
  </testcase> <!-- @BeforeMethod doBeforeTest -->
  <testcase name="@AfterMethod doAfterTest" time="0.0" classname="utilies.commonOps">
    <skipped/>
  </testcase> <!-- @AfterMethod doAfterTest -->
  <testcase name="@AfterTest closeSession" time="0.0" classname="utilies.commonOps">
    <skipped/>
  </testcase> <!-- @AfterTest closeSession -->
  <testcase name="test01_searchWiki" time="0.0" classname="tests.wikiSearch">
    <skipped/>
  </testcase> <!-- test01_searchWiki -->
  <testcase name="test02_dbQrueyWiki" time="0.0" classname="tests.wikiSearch">
    <skipped/>
  </testcase> <!-- test02_dbQrueyWiki -->
  <testcase name="test02_dorpWiki" time="0.0" classname="tests.wikiSearch">
    <skipped/>
  </testcase> <!-- test02_dorpWiki -->
</testsuite> <!-- Test -->
